2022-11-11 07:47:13		No suitable Adapter found
2022-11-11 07:47:27		No suitable Adapter found
2022-11-11 07:47:47		checkUpdateMessages(): downloading messages to D:/荤寮php/WWW/HONG/data/cache/d/d82c8d1619ad8176d665453cfb2e55f0.updmsg (without SSL)
2022-11-11 07:47:59		checkUpdateMessages(): unexpected HTTP response received
  Could not connect to update.dokuwiki.org:80
  php_network_getaddresses: getaddrinfo failed: 不知道这样的主机。  (0)
2022-11-11 07:47:59		checkUpdateMessages(): messages up to date
2022-11-11 07:47:59		checkUpdateMessages(): messages up to date
2022-11-11 07:47:59		checkUpdateMessages(): messages up to date
2022-11-11 07:48:41		checkUpdateMessages(): messages up to date
2022-11-11 07:48:41		checkUpdateMessages(): messages up to date
2022-11-11 07:48:43		checkUpdateMessages(): messages up to date
2022-11-11 07:48:51		checkUpdateMessages(): messages up to date
2022-11-11 07:48:56		checkUpdateMessages(): messages up to date
2022-11-11 07:48:59		checkUpdateMessages(): messages up to date
2022-11-11 07:52:34		checkUpdateMessages(): messages up to date
2022-11-11 07:53:03		checkUpdateMessages(): messages up to date
2022-11-11 07:53:28		checkUpdateMessages(): messages up to date
2022-11-11 07:54:09		checkUpdateMessages(): messages up to date
2022-11-11 08:02:59		checkUpdateMessages(): messages up to date
2022-11-11 08:03:03		checkUpdateMessages(): messages up to date
2022-11-11 08:03:16		checkUpdateMessages(): messages up to date
2022-11-11 08:03:24		checkUpdateMessages(): messages up to date
2022-11-11 08:03:30		checkUpdateMessages(): messages up to date
2022-11-11 08:03:32		checkUpdateMessages(): messages up to date
2022-11-11 08:03:33		checkUpdateMessages(): messages up to date
2022-11-11 08:03:34		checkUpdateMessages(): messages up to date
2022-11-11 08:03:37		checkUpdateMessages(): messages up to date
2022-11-11 08:03:42		checkUpdateMessages(): messages up to date
2022-11-11 08:03:45		checkUpdateMessages(): messages up to date
2022-11-11 08:03:46		checkUpdateMessages(): messages up to date
2022-11-11 08:03:56		checkUpdateMessages(): messages up to date
2022-11-11 08:03:57		checkUpdateMessages(): messages up to date
2022-11-11 08:03:59		checkUpdateMessages(): messages up to date
2022-11-11 08:04:00		checkUpdateMessages(): messages up to date
2022-11-11 08:04:01		checkUpdateMessages(): messages up to date
2022-11-11 08:04:04		checkUpdateMessages(): messages up to date
2022-11-11 08:04:56		checkUpdateMessages(): messages up to date
2022-11-11 08:06:57		checkUpdateMessages(): messages up to date
2022-11-11 08:06:59		checkUpdateMessages(): messages up to date
2022-11-11 08:07:01		checkUpdateMessages(): messages up to date
2022-11-11 08:07:18		checkUpdateMessages(): messages up to date
2022-11-11 08:07:43		checkUpdateMessages(): messages up to date
2022-11-11 08:10:00		checkUpdateMessages(): messages up to date
2022-11-11 08:10:51		checkUpdateMessages(): messages up to date
2022-11-11 08:11:26		checkUpdateMessages(): messages up to date
2022-11-11 08:11:50		checkUpdateMessages(): messages up to date
2022-11-11 08:13:55		checkUpdateMessages(): messages up to date
2022-11-11 08:13:59		checkUpdateMessages(): messages up to date
2022-11-11 08:14:02		checkUpdateMessages(): messages up to date
2022-11-11 08:14:03		checkUpdateMessages(): messages up to date
2022-11-11 08:14:08		checkUpdateMessages(): messages up to date
2022-11-11 08:14:14		checkUpdateMessages(): messages up to date
2022-11-11 08:14:15		checkUpdateMessages(): messages up to date
2022-11-11 08:14:19		checkUpdateMessages(): messages up to date
2022-11-11 08:14:23		checkUpdateMessages(): messages up to date
2022-11-11 08:14:24		checkUpdateMessages(): messages up to date
2022-11-11 08:14:27		checkUpdateMessages(): messages up to date
2022-11-11 08:15:13		checkUpdateMessages(): messages up to date
2022-11-11 08:15:18		checkUpdateMessages(): messages up to date
2022-11-11 08:15:23		checkUpdateMessages(): messages up to date
2022-11-11 08:15:28		checkUpdateMessages(): messages up to date
2022-11-11 08:15:29		checkUpdateMessages(): messages up to date
2022-11-11 08:16:57		checkUpdateMessages(): messages up to date
2022-11-11 08:16:59		checkUpdateMessages(): messages up to date
2022-11-11 08:17:53		checkUpdateMessages(): messages up to date
2022-11-11 08:18:27		checkUpdateMessages(): messages up to date
2022-11-11 08:18:53		checkUpdateMessages(): messages up to date
2022-11-11 08:18:58		checkUpdateMessages(): messages up to date
2022-11-11 08:19:03		checkUpdateMessages(): messages up to date
2022-11-11 08:21:29		checkUpdateMessages(): messages up to date
2022-11-11 08:21:59		checkUpdateMessages(): messages up to date
2022-11-11 08:22:39		checkUpdateMessages(): messages up to date
2022-11-11 08:32:59		No suitable Adapter found
2022-11-11 08:33:17		checkUpdateMessages(): messages up to date
2022-11-11 08:33:24		No suitable Adapter found
2022-11-11 08:33:38		checkUpdateMessages(): messages up to date
2022-11-11 08:33:38		No suitable Adapter found
2022-11-11 08:33:47		checkUpdateMessages(): messages up to date
2022-11-11 08:33:47		No suitable Adapter found
2022-11-11 08:33:54		checkUpdateMessages(): messages up to date
2022-11-11 08:33:54		No suitable Adapter found
2022-11-11 08:35:45		checkUpdateMessages(): messages up to date
2022-11-11 08:35:54		checkUpdateMessages(): messages up to date
2022-11-11 08:36:03		checkUpdateMessages(): messages up to date
2022-11-11 08:36:08		checkUpdateMessages(): messages up to date
2022-11-11 08:36:13		checkUpdateMessages(): messages up to date
2022-11-11 08:36:13		No suitable Adapter found
2022-11-11 08:38:54		checkUpdateMessages(): messages up to date
2022-11-11 08:38:54		No suitable Adapter found
2022-11-11 08:38:56		checkUpdateMessages(): messages up to date
2022-11-11 08:39:06		checkUpdateMessages(): messages up to date
2022-11-11 08:39:26		No suitable Adapter found
2022-11-11 08:39:45		checkUpdateMessages(): messages up to date
2022-11-11 08:39:45		No suitable Adapter found
2022-11-11 08:39:52		checkUpdateMessages(): messages up to date
2022-11-11 08:39:52		No suitable Adapter found
2022-11-11 08:39:59		checkUpdateMessages(): messages up to date
2022-11-11 08:40:00		No suitable Adapter found
2022-11-11 08:40:04		checkUpdateMessages(): messages up to date
2022-11-11 08:40:05		No suitable Adapter found
2022-11-11 08:43:23		checkUpdateMessages(): messages up to date
2022-11-11 08:43:23		No suitable Adapter found
2022-11-11 08:46:17		checkUpdateMessages(): messages up to date
2022-11-11 08:46:18		No suitable Adapter found
2022-11-11 08:47:19		checkUpdateMessages(): messages up to date
2022-11-11 08:47:19		No suitable Adapter found
2022-11-11 08:53:15		checkUpdateMessages(): messages up to date
2022-11-11 08:53:15		No suitable Adapter found
2022-11-11 08:54:02		checkUpdateMessages(): messages up to date
2022-11-11 08:54:02		No suitable Adapter found
2022-11-11 08:54:42		checkUpdateMessages(): messages up to date
2022-11-11 08:54:43		checkUpdateMessages(): messages up to date
2022-11-11 08:54:44		No suitable Adapter found
2022-11-11 08:54:59		checkUpdateMessages(): messages up to date
2022-11-11 08:55:28		checkUpdateMessages(): messages up to date
2022-11-11 08:55:28		No suitable Adapter found
2022-11-11 08:55:47		checkUpdateMessages(): messages up to date
2022-11-11 08:55:47		No suitable Adapter found
2022-11-11 08:56:00		checkUpdateMessages(): messages up to date
2022-11-11 08:56:00		checkUpdateMessages(): messages up to date
2022-11-11 08:56:01		No suitable Adapter found
2022-11-11 08:56:02		checkUpdateMessages(): messages up to date
2022-11-11 08:56:05		checkUpdateMessages(): messages up to date
2022-11-11 08:56:07		checkUpdateMessages(): messages up to date
2022-11-11 08:56:32		checkUpdateMessages(): messages up to date
2022-11-11 08:56:32		checkUpdateMessages(): messages up to date
2022-11-11 08:56:35		checkUpdateMessages(): messages up to date
2022-11-11 08:56:36		checkUpdateMessages(): messages up to date
2022-11-11 08:56:37		checkUpdateMessages(): messages up to date
2022-11-11 08:56:38		checkUpdateMessages(): messages up to date
2022-11-11 08:56:45		checkUpdateMessages(): messages up to date
2022-11-11 08:56:48		checkUpdateMessages(): messages up to date
2022-11-11 08:56:53		checkUpdateMessages(): messages up to date
2022-11-11 08:59:04		checkUpdateMessages(): messages up to date
2022-11-11 08:59:06		checkUpdateMessages(): messages up to date
2022-11-11 08:59:06		No suitable Adapter found
2022-11-11 09:08:04		checkUpdateMessages(): messages up to date
2022-11-11 09:08:09		checkUpdateMessages(): messages up to date
2022-11-11 09:10:38		checkUpdateMessages(): messages up to date
2022-11-11 09:19:08		checkUpdateMessages(): messages up to date
2022-11-11 09:19:08		checkUpdateMessages(): messages up to date
2022-11-11 09:19:11		checkUpdateMessages(): messages up to date
2022-11-11 09:19:24		checkUpdateMessages(): messages up to date
2022-11-11 09:19:26		checkUpdateMessages(): messages up to date
2022-11-11 09:19:31		checkUpdateMessages(): messages up to date
2022-11-11 09:19:32		No suitable Adapter found
